<?xml version="1.0" encoding="UTF-8"?>
<testsuites name="jest tests" tests="40" failures="0" errors="0" time="1.478">
  <testsuite name="ClientManagement" errors="0" failures="0" skipped="0" timestamp="2026-02-25T14:06:41" time="1.099" tests="40">
    <testcase classname="ClientManagement › Loading state" name="should show loading spinner and message when isLoading is true" time="0.023">
    </testcase>
    <testcase classname="ClientManagement › Loading state" name="should not show client list while loading" time="0.005">
    </testcase>
    <testcase classname="ClientManagement › Error state" name="should show error message when error is set" time="0.045">
    </testcase>
    <testcase classname="ClientManagement › Error state" name="should show error and not show loading when error is set and not loading" time="0.013">
    </testcase>
    <testcase classname="ClientManagement › Empty state" name="should show empty state when there are no clients" time="0.006">
    </testcase>
    <testcase classname="ClientManagement › Empty state" name="should show filter-adjusted message and Limpiar filtros when search has no results" time="0.047">
    </testcase>
    <testcase classname="ClientManagement › Empty state" name="should show all clients again after clicking Limpiar filtros in empty filtered state" time="0.036">
    </testcase>
    <testcase classname="ClientManagement › Rendering" name="should render the header" time="0.011">
    </testcase>
    <testcase classname="ClientManagement › Rendering" name="should render the search input" time="0.009">
    </testcase>
    <testcase classname="ClientManagement › Rendering" name="should render statistics cards" time="0.015">
    </testcase>
    <testcase classname="ClientManagement › Rendering" name="should render correct statistics values" time="0.017">
    </testcase>
    <testcase classname="ClientManagement › Rendering" name="should render client list" time="0.012">
    </testcase>
    <testcase classname="ClientManagement › Rendering" name="should render client email and phone" time="0.013">
    </testcase>
    <testcase classname="ClientManagement › Rendering" name="should render credit days badge for clients with credit" time="0.008">
    </testcase>
    <testcase classname="ClientManagement › Rendering" name="should render cash badge for clients without credit" time="0.007">
    </testcase>
    <testcase classname="ClientManagement › Rendering" name="should render inactive badge for inactive clients" time="0.01">
    </testcase>
    <testcase classname="ClientManagement › Rendering" name="should show results count (Mostrando X de Y clientes)" time="0.006">
    </testcase>
    <testcase classname="ClientManagement › Rendering" name="should show filtered results count when search is applied" time="0.01">
    </testcase>
    <testcase classname="ClientManagement › Search functionality" name="should filter clients by name" time="0.01">
    </testcase>
    <testcase classname="ClientManagement › Search functionality" name="should filter clients by identification" time="0.009">
    </testcase>
    <testcase classname="ClientManagement › Search functionality" name="should filter clients by email" time="0.01">
    </testcase>
    <testcase classname="ClientManagement › Add client dialog" name="should open add client form when button is clicked" time="0.046">
    </testcase>
    <testcase classname="ClientManagement › Add client dialog" name="should close add client form when Close is clicked" time="0.053">
    </testcase>
    <testcase classname="ClientManagement › Export functionality" name="should export clients to Excel when button is clicked" time="0.065">
    </testcase>
    <testcase classname="ClientManagement › Export functionality" name="should show error toast when export fails" time="0.061">
    </testcase>
    <testcase classname="ClientManagement › Export functionality" name="should export only filtered clients and show correct count in toast" time="0.063">
    </testcase>
    <testcase classname="ClientManagement › Filter functionality" name="should render filter button" time="0.012">
    </testcase>
    <testcase classname="ClientManagement › Filter functionality" name="should render filter options in sheet" time="0.012">
    </testcase>
    <testcase classname="ClientManagement › Filter functionality" name="should filter by credit type when Solo con Crédito is clicked" time="0.013">
    </testcase>
    <testcase classname="ClientManagement › Filter functionality" name="should filter by cash type when Solo al Contado is clicked" time="0.009">
    </testcase>
    <testcase classname="ClientManagement › Filter functionality" name="should clear filters when Limpiar button is clicked" time="0.015">
    </testcase>
    <testcase classname="ClientManagement › Filter functionality" name="should filter by province" time="0.01">
    </testcase>
    <testcase classname="ClientManagement › Bulk upload" name="should render bulk upload button" time="0.008">
    </testcase>
    <testcase classname="ClientManagement › Bulk upload" name="should open bulk upload dialog when button is clicked" time="0.008">
    </testcase>
    <testcase classname="ClientManagement › Format functions" name="should format credit limit correctly" time="0.008">
    </testcase>
    <testcase classname="ClientManagement › Toggle active functionality" name="should toggle client active status via switch" time="0.005">
    </testcase>
    <testcase classname="ClientManagement › Toggle active functionality" name="should toggle client active status via dropdown menu" time="0.006">
    </testcase>
    <testcase classname="ClientManagement › Filter panel interactions" name="should reset province filter when clicking &quot;Todas las provincias&quot;" time="0.015">
    </testcase>
    <testcase classname="ClientManagement › Filter panel interactions" name="should reset credit filter when clicking &quot;Todos&quot;" time="0.014">
    </testcase>
    <testcase classname="ClientManagement › Filter panel interactions" name="should close filter panel when clicking &quot;Aplicar&quot;" time="0.006">
    </testcase>
  </testsuite>
</testsuites>