<?xml version="1.0" encoding="UTF-8"?>
<testsuites name="jest tests" tests="77" failures="0" errors="0" time="2.949">
  <testsuite name="BulkClientUpload" errors="0" failures="0" skipped="0" timestamp="2026-02-25T14:34:36" time="1.305" tests="37">
    <testcase classname="BulkClientUpload › Initial rendering (Upload step)" name="should render when open is true" time="0.06">
    </testcase>
    <testcase classname="BulkClientUpload › Initial rendering (Upload step)" name="should not render when open is false" time="0.003">
    </testcase>
    <testcase classname="BulkClientUpload › Initial rendering (Upload step)" name="should render instructions" time="0.009">
    </testcase>
    <testcase classname="BulkClientUpload › Initial rendering (Upload step)" name="should render download template button" time="0.015">
    </testcase>
    <testcase classname="BulkClientUpload › Initial rendering (Upload step)" name="should render upload button" time="0.009">
    </testcase>
    <testcase classname="BulkClientUpload › Initial rendering (Upload step)" name="should render notes section" time="0.009">
    </testcase>
    <testcase classname="BulkClientUpload › Template download" name="should download template when button is clicked" time="0.065">
    </testcase>
    <testcase classname="BulkClientUpload › File upload" name="should process valid clients from Excel" time="0.045">
    </testcase>
    <testcase classname="BulkClientUpload › File upload" name="should show error for empty file" time="0.009">
    </testcase>
    <testcase classname="BulkClientUpload › File upload" name="should show validation errors for invalid data" time="0.017">
    </testcase>
    <testcase classname="BulkClientUpload › File upload" name="should handle file read error" time="0.031">
    </testcase>
    <testcase classname="BulkClientUpload › File upload" name="should validate credit fields when requires_credit is true" time="0.013">
    </testcase>
    <testcase classname="BulkClientUpload › Preview step" name="should display client data in table" time="0.017">
    </testcase>
    <testcase classname="BulkClientUpload › Preview step" name="should display Cargar button with client count" time="0.021">
    </testcase>
    <testcase classname="BulkClientUpload › Preview step" name="should have Volver button" time="0.023">
    </testcase>
    <testcase classname="BulkClientUpload › Preview step" name="should go back to upload step when Volver is clicked" time="0.026">
    </testcase>
    <testcase classname="BulkClientUpload › Preview step" name="should show credit info when requires_credit is true" time="0.008">
    </testcase>
    <testcase classname="BulkClientUpload › Preview step" name="should remove row when X button is clicked" time="0.04">
    </testcase>
    <testcase classname="BulkClientUpload › Bulk upload" name="should show processing state" time="0.025">
    </testcase>
    <testcase classname="BulkClientUpload › Bulk upload" name="should show success message on successful upload" time="0.015">
    </testcase>
    <testcase classname="BulkClientUpload › Bulk upload" name="should show error message when upload has failures" time="0.021">
    </testcase>
    <testcase classname="BulkClientUpload › Bulk upload" name="should handle upload error" time="0.015">
    </testcase>
    <testcase classname="BulkClientUpload › Bulk upload" name="should not upload when there are validation errors" time="0.01">
    </testcase>
    <testcase classname="BulkClientUpload › Cell editing" name="should allow editing name cell" time="0.013">
    </testcase>
    <testcase classname="BulkClientUpload › Cell editing" name="should update name when blur" time="0.013">
    </testcase>
    <testcase classname="BulkClientUpload › Cell editing" name="should update name when Enter key is pressed" time="0.023">
    </testcase>
    <testcase classname="BulkClientUpload › Cell editing" name="should allow editing identification cell" time="0.013">
    </testcase>
    <testcase classname="BulkClientUpload › Cell editing" name="should allow editing email cell" time="0.009">
    </testcase>
    <testcase classname="BulkClientUpload › Cell editing" name="should allow editing phone cell" time="0.011">
    </testcase>
    <testcase classname="BulkClientUpload › Cell editing" name="should show validation error after editing with invalid value" time="0.014">
    </testcase>
    <testcase classname="BulkClientUpload › Cell editing" name="should clear validation errors after fixing invalid value" time="0.016">
    </testcase>
    <testcase classname="BulkClientUpload › Close behavior" name="should call onOpenChange when dialog closes" time="0.003">
    </testcase>
    <testcase classname="BulkClientUpload › Validation" name="should validate email format" time="0.004">
    </testcase>
    <testcase classname="BulkClientUpload › Validation" name="should validate identification length" time="0.007">
    </testcase>
    <testcase classname="BulkClientUpload › Validation" name="should validate all required fields are present" time="0.015">
    </testcase>
    <testcase classname="BulkClientUpload › Row removal" name="should remove row and reindex errors" time="0.027">
    </testcase>
    <testcase classname="BulkClientUpload › Upload with credit data" name="should include credit data when requires_credit is true" time="0.014">
    </testcase>
  </testsuite>
  <testsuite name="ClientManagement" errors="0" failures="0" skipped="0" timestamp="2026-02-25T14:34:36" time="1.699" tests="40">
    <testcase classname="ClientManagement › Loading state" name="should show loading spinner and message when isLoading is true" time="0.071">
    </testcase>
    <testcase classname="ClientManagement › Loading state" name="should not show client list while loading" time="0.011">
    </testcase>
    <testcase classname="ClientManagement › Error state" name="should show error message when error is set" time="0.066">
    </testcase>
    <testcase classname="ClientManagement › Error state" name="should show error and not show loading when error is set and not loading" time="0.041">
    </testcase>
    <testcase classname="ClientManagement › Empty state" name="should show empty state when there are no clients" time="0.016">
    </testcase>
    <testcase classname="ClientManagement › Empty state" name="should show filter-adjusted message and Limpiar filtros when search has no results" time="0.092">
    </testcase>
    <testcase classname="ClientManagement › Empty state" name="should show all clients again after clicking Limpiar filtros in empty filtered state" time="0.082">
    </testcase>
    <testcase classname="ClientManagement › Rendering" name="should render the header" time="0.017">
    </testcase>
    <testcase classname="ClientManagement › Rendering" name="should render the search input" time="0.014">
    </testcase>
    <testcase classname="ClientManagement › Rendering" name="should render statistics cards" time="0.03">
    </testcase>
    <testcase classname="ClientManagement › Rendering" name="should render correct statistics values" time="0.027">
    </testcase>
    <testcase classname="ClientManagement › Rendering" name="should render client list" time="0.019">
    </testcase>
    <testcase classname="ClientManagement › Rendering" name="should render client email and phone" time="0.015">
    </testcase>
    <testcase classname="ClientManagement › Rendering" name="should render credit days badge for clients with credit" time="0.013">
    </testcase>
    <testcase classname="ClientManagement › Rendering" name="should render cash badge for clients without credit" time="0.009">
    </testcase>
    <testcase classname="ClientManagement › Rendering" name="should render inactive badge for inactive clients" time="0.011">
    </testcase>
    <testcase classname="ClientManagement › Rendering" name="should show results count (Mostrando X de Y clientes)" time="0.016">
    </testcase>
    <testcase classname="ClientManagement › Rendering" name="should show filtered results count when search is applied" time="0.011">
    </testcase>
    <testcase classname="ClientManagement › Search functionality" name="should filter clients by name" time="0.013">
    </testcase>
    <testcase classname="ClientManagement › Search functionality" name="should filter clients by identification" time="0.01">
    </testcase>
    <testcase classname="ClientManagement › Search functionality" name="should filter clients by email" time="0.009">
    </testcase>
    <testcase classname="ClientManagement › Add client dialog" name="should open add client form when button is clicked" time="0.072">
    </testcase>
    <testcase classname="ClientManagement › Add client dialog" name="should close add client form when Close is clicked" time="0.069">
    </testcase>
    <testcase classname="ClientManagement › Export functionality" name="should export clients to Excel when button is clicked" time="0.068">
    </testcase>
    <testcase classname="ClientManagement › Export functionality" name="should show error toast when export fails" time="0.059">
    </testcase>
    <testcase classname="ClientManagement › Export functionality" name="should export only filtered clients and show correct count in toast" time="0.066">
    </testcase>
    <testcase classname="ClientManagement › Filter functionality" name="should render filter button" time="0.008">
    </testcase>
    <testcase classname="ClientManagement › Filter functionality" name="should render filter options in sheet" time="0.012">
    </testcase>
    <testcase classname="ClientManagement › Filter functionality" name="should filter by credit type when Solo con Crédito is clicked" time="0.01">
    </testcase>
    <testcase classname="ClientManagement › Filter functionality" name="should filter by cash type when Solo al Contado is clicked" time="0.01">
    </testcase>
    <testcase classname="ClientManagement › Filter functionality" name="should clear filters when Limpiar button is clicked" time="0.013">
    </testcase>
    <testcase classname="ClientManagement › Filter functionality" name="should filter by province" time="0.013">
    </testcase>
    <testcase classname="ClientManagement › Bulk upload" name="should render bulk upload button" time="0.006">
    </testcase>
    <testcase classname="ClientManagement › Bulk upload" name="should open bulk upload dialog when button is clicked" time="0.01">
    </testcase>
    <testcase classname="ClientManagement › Format functions" name="should format credit limit correctly" time="0.006">
    </testcase>
    <testcase classname="ClientManagement › Toggle active functionality" name="should toggle client active status via switch" time="0.006">
    </testcase>
    <testcase classname="ClientManagement › Toggle active functionality" name="should toggle client active status via dropdown menu" time="0.008">
    </testcase>
    <testcase classname="ClientManagement › Filter panel interactions" name="should reset province filter when clicking &quot;Todas las provincias&quot;" time="0.015">
    </testcase>
    <testcase classname="ClientManagement › Filter panel interactions" name="should reset credit filter when clicking &quot;Todos&quot;" time="0.013">
    </testcase>
    <testcase classname="ClientManagement › Filter panel interactions" name="should close filter panel when clicking &quot;Aplicar&quot;" time="0.009">
    </testcase>
  </testsuite>
</testsuites>